<?xml version="1.0" encoding="UTF-8"?><testsuite errors="0" failures="0" name="com.bestbuy.testsuite.StoreCURDWithSteps" skipped="0" tests="4" time="0.47" timestamp="2023-01-01T22:46:52.510Z[Europe/London]"><testcase classname="com.bestbuy.testsuite.StoreCURDWithSteps" name="This will create new store"/><testcase classname="com.bestbuy.testsuite.StoreCURDWithSteps" name="Verify if the product was added to application"/><testcase classname="com.bestbuy.testsuite.StoreCURDWithSteps" name="This will update store"/><testcase classname="com.bestbuy.testsuite.StoreCURDWithSteps" name="This will delete product"/></testsuite>