<?xml version="1.0" encoding="UTF-8"?><testsuite errors="0" failures="0" name="com.bestbuy.testsuite.ProductCURDWithSteps" skipped="0" tests="4" time="8.8" timestamp="2023-01-01T22:46:40.543Z[Europe/London]"><testcase classname="com.bestbuy.testsuite.ProductCURDWithSteps" name="This will create new product"/><testcase classname="com.bestbuy.testsuite.ProductCURDWithSteps" name="Verify if the product was added to application"/><testcase classname="com.bestbuy.testsuite.ProductCURDWithSteps" name="This will update product"/><testcase classname="com.bestbuy.testsuite.ProductCURDWithSteps" name="This will delete product"/></testsuite>